Log file open, 09/20/22 22:07:37
LogWindows: Failed to load 'aqProf.dll' (GetLastError=126)
LogWindows: File 'aqProf.dll' does not exist
LogWindows: Failed to load 'VtuneApi.dll' (GetLastError=126)
LogWindows: File 'VtuneApi.dll' does not exist
LogWindows: Failed to load 'VtuneApi32e.dll' (GetLastError=126)
LogWindows: File 'VtuneApi32e.dll' does not exist
LogConsoleResponse: Display: Failed to find resolution value strings in scalability ini. Falling back to default.
LogConsoleResponse: Display: Failed to find resolution value strings in scalability ini. Falling back to default.
LogPakFile: Display: Found Pak file ../../../PokeHunter/Content/Paks/PokeHunter-WindowsServer.pak attempting to mount.
LogPakFile: Display: Mounting pak file ../../../PokeHunter/Content/Paks/PokeHunter-WindowsServer.pak.
LogPakFile: PakFile PrimaryIndexSize=23346
LogPakFile: PakFile PathHashIndexSize=45034
LogPakFile: PakFile FullDirectoryIndexSize=55978
LogShaderLibrary: Display: ShaderCodeLibraryPakFileMountedCallback: PakFile '../../../PokeHunter/Content/Paks/PokeHunter-WindowsServer.pak' (chunk index -1, root '../../../') mounted
LogShaderLibrary: Display: ShaderCodeLibraryPakFileMountedCallback: pending pak file info (ChunkID:-1 Root:../../../ File:../../../PokeHunter/Content/Paks/PokeHunter-WindowsServer.pak)
LogPakFile: OnPakFileMounted2Time == 0.000053
LogPlatformFile: Not using cached read wrapper
LogTaskGraph: Started task graph with 5 named threads and 9 total threads with 1 sets of task threads.
LogStats: Stats thread started at 0.109080
LogICUInternationalization: ICU TimeZone Detection - Raw Offset: +9:00, Platform Override: ''
LogInit: Display: Loading text-based GConfig....
LogPluginManager: Mounting plugin Paper2D
LogPluginManager: Mounting plugin AISupport
LogPluginManager: Mounting plugin EnvironmentQueryEditor
LogPluginManager: Mounting plugin LightPropagationVolume
LogPluginManager: Mounting plugin CameraShakePreviewer
LogPluginManager: Mounting plugin GameplayCameras
LogPluginManager: Mounting plugin TemplateSequence
LogPluginManager: Mounting plugin LevelSequenceEditor
LogPluginManager: Mounting plugin OodleData
LogPluginManager: Mounting plugin OodleNetwork
LogPluginManager: Mounting plugin AnimationSharing
LogPluginManager: Mounting plugin SignificanceManager
LogPluginManager: Mounting plugin PluginUtils
LogPluginManager: Mounting plugin PropertyAccessEditor
LogPluginManager: Mounting plugin UObjectPlugin
LogPluginManager: Mounting plugin AssetManagerEditor
LogPluginManager: Mounting plugin FacialAnimation
LogPluginManager: Mounting plugin GeometryMode
LogPluginManager: Mounting plugin SpeedTreeImporter
LogPluginManager: Mounting plugin DatasmithContent
LogPluginManager: Mounting plugin VariantManagerContent
LogPluginManager: Mounting plugin AlembicImporter
LogPluginManager: Mounting plugin GeometryCache
LogPluginManager: Mounting plugin AutomationUtils
LogPluginManager: Mounting plugin ScreenshotTools
LogPluginManager: Mounting plugin BackChannel
LogPluginManager: Mounting plugin ChaosClothEditor
LogPluginManager: Mounting plugin ChaosCloth
LogPluginManager: Mounting plugin ChaosEditor
LogPluginManager: Mounting plugin PlanarCut
LogPluginManager: Mounting plugin GeometryProcessing
LogPluginManager: Mounting plugin EditableMesh
LogPluginManager: Mounting plugin GeometryCollectionPlugin
LogPluginManager: Mounting plugin ProceduralMeshComponent
LogPluginManager: Mounting plugin ChaosSolverPlugin
LogPluginManager: Mounting plugin ChaosNiagara
LogPluginManager: Mounting plugin Niagara
LogPluginManager: Mounting plugin PythonScriptPlugin
LogPluginManager: Mounting plugin CharacterAI
LogPluginManager: Mounting plugin MotoSynth
LogPluginManager: Mounting plugin OpenImageDenoise
LogPluginManager: Mounting plugin PlatformCrypto
LogPluginManager: Mounting plugin MagicLeapPassableWorld
LogPluginManager: Mounting plugin MagicLeap
LogPluginManager: Mounting plugin MLSDK
LogPluginManager: Mounting plugin MagicLeapLightEstimation
LogPluginManager: Mounting plugin AvfMedia
LogPluginManager: Mounting plugin ImgMedia
LogPluginManager: Mounting plugin MediaCompositing
LogPluginManager: Mounting plugin MeshPainting
LogPluginManager: Mounting plugin TcpMessaging
LogPluginManager: Mounting plugin UdpMessaging
LogPluginManager: Mounting plugin ActorSequence
LogPluginManager: Mounting plugin MatineeToLevelSequence
LogPluginManager: Mounting plugin OnlineSubsystemNull
LogPluginManager: Mounting plugin OnlineSubsystem
LogPluginManager: Mounting plugin OnlineSubsystemUtils
LogPluginManager: Mounting plugin LauncherChunkInstaller
LogPluginManager: Mounting plugin ActorLayerUtilities
LogPluginManager: Mounting plugin AndroidPermission
LogPluginManager: Mounting plugin AppleImageUtils
LogPluginManager: Mounting plugin ArchVisCharacter
LogPluginManager: Mounting plugin AssetTags
LogPluginManager: Mounting plugin AudioCapture
LogPluginManager: Mounting plugin CableComponent
LogPluginManager: Mounting plugin ChunkDownloader
LogPluginManager: Mounting plugin CustomMeshComponent
LogPluginManager: Mounting plugin ExampleDeviceProfileSelector
LogPluginManager: Mounting plugin GooglePAD
LogPluginManager: Mounting plugin LocationServicesBPLibrary
LogPluginManager: Mounting plugin MobilePatchingUtils
LogPluginManager: Mounting plugin OculusVR
LogPluginManager: Mounting plugin OpenXREyeTracker
LogPluginManager: Mounting plugin OpenXR
LogPluginManager: Mounting plugin OpenXRHandTracking
LogPluginManager: Mounting plugin LiveLink
LogPluginManager: Mounting plugin Takes
LogPluginManager: Mounting plugin PhysXVehicles
LogPluginManager: Mounting plugin RuntimePhysXCooking
LogPluginManager: Mounting plugin SoundFields
LogPluginManager: Mounting plugin SteamVR
LogPluginManager: Mounting plugin Synthesis
LogPluginManager: Mounting plugin AudioSynesthesia
LogPluginManager: Mounting plugin WindowsMoviePlayer
LogLuminAPIImpl: Warning: MLSDK not found.  This likely means the MLSDK environment variable is not set.
LogInit: Using libcurl 7.55.1-DEV
LogInit:  - built for x86_64-pc-win32
LogInit:  - supports SSL with OpenSSL/1.1.1
LogInit:  - supports HTTP deflate (compression) using libz 1.2.8
LogInit:  - other features:
LogInit:      CURL_VERSION_SSL
LogInit:      CURL_VERSION_LIBZ
LogInit:      CURL_VERSION_IPV6
LogInit:      CURL_VERSION_ASYNCHDNS
LogInit:      CURL_VERSION_LARGEFILE
LogInit:      CURL_VERSION_IDN
LogInit:  CurlRequestOptions (configurable via config and command line):
LogInit:  - bVerifyPeer = true  - Libcurl will verify peer certificate
LogInit:  - bUseHttpProxy = false  - Libcurl will NOT use HTTP proxy
LogInit:  - bDontReuseConnections = false  - Libcurl will reuse connections
LogInit:  - MaxHostConnections = 16  - Libcurl will limit the number of connections to a host
LogInit:  - LocalHostAddr = Default
LogInit:  - BufferSize = 65536
LogOnline: OSS: Creating online subsystem instance for: NULL
LogInit: WinSock: version 1.1 (2.2), MaxSocks=32767, MaxUdp=65467
LogOnline: OSS: TryLoadSubsystemAndSetDefault: Loaded subsystem for module [NULL]
LogInit: Build: ++UE4+Release-4.27-CL-0
LogInit: Engine Version: 4.27.2-0+++UE4+Release-4.27
LogInit: Compatible Engine Version: 4.27.0-0+++UE4+Release-4.27
LogInit: Net CL: 0
LogInit: OS: Windows 10 (Release 2009) (), CPU: Intel(R) Core(TM) i5-10400 CPU @ 2.90GHz, GPU: NVIDIA GeForce RTX 2070 SUPER
LogInit: Compiled (64-bit): Sep 20 2022 14:21:30
LogInit: Compiled with Visual C++: 19.33.31630.00
LogInit: Build Configuration: Development
LogInit: Branch Name: ++UE4+Release-4.27
LogInit: Command Line:  -log
LogInit: Base Directory: C:/PokeHunter/PokeHunter/Packaged/WindowsServer/PokeHunter/Binaries/Win64/
LogInit: Allocator: binned2
LogInit: Installed Engine Build: 0
LogDevObjectVersion: Number of dev versions registered: 29
LogDevObjectVersion:   Dev-Blueprints (B0D832E4-1F89-4F0D-ACCF-7EB736FD4AA2): 10
LogDevObjectVersion:   Dev-Build (E1C64328-A22C-4D53-A36C-8E866417BD8C): 0
LogDevObjectVersion:   Dev-Core (375EC13C-06E4-48FB-B500-84F0262A717E): 4
LogDevObjectVersion:   Dev-Editor (E4B068ED-F494-42E9-A231-DA0B2E46BB41): 40
LogDevObjectVersion:   Dev-Framework (CFFC743F-43B0-4480-9391-14DF171D2073): 37
LogDevObjectVersion:   Dev-Mobile (B02B49B5-BB20-44E9-A304-32B752E40360): 3
LogDevObjectVersion:   Dev-Networking (A4E4105C-59A1-49B5-A7C5-40C4547EDFEE): 0
LogDevObjectVersion:   Dev-Online (39C831C9-5AE6-47DC-9A44-9C173E1C8E7C): 0
LogDevObjectVersion:   Dev-Physics (78F01B33-EBEA-4F98-B9B4-84EACCB95AA2): 14
LogDevObjectVersion:   Dev-Platform (6631380F-2D4D-43E0-8009-CF276956A95A): 0
LogDevObjectVersion:   Dev-Rendering (12F88B9F-8875-4AFC-A67C-D90C383ABD29): 45
LogDevObjectVersion:   Dev-Sequencer (7B5AE74C-D270-4C10-A958-57980B212A5A): 13
LogDevObjectVersion:   Dev-VR (D7296918-1DD6-4BDD-9DE2-64A83CC13884): 3
LogDevObjectVersion:   Dev-LoadTimes (C2A15278-BFE7-4AFE-6C17-90FF531DF755): 1
LogDevObjectVersion:   Private-Geometry (6EACA3D4-40EC-4CC1-B786-8BED09428FC5): 3
LogDevObjectVersion:   Dev-AnimPhys (29E575DD-E0A3-4627-9D10-D276232CDCEA): 17
LogDevObjectVersion:   Dev-Anim (AF43A65D-7FD3-4947-9873-3E8ED9C1BB05): 15
LogDevObjectVersion:   Dev-ReflectionCapture (6B266CEC-1EC7-4B8F-A30B-E4D90942FC07): 1
LogDevObjectVersion:   Dev-Automation (0DF73D61-A23F-47EA-B727-89E90C41499A): 1
LogDevObjectVersion:   FortniteMain (601D1886-AC64-4F84-AA16-D3DE0DEAC7D6): 47
LogDevObjectVersion:   FortniteRelease (E7086368-6B23-4C58-8439-1B7016265E91): 1
LogDevObjectVersion:   Dev-Enterprise (9DFFBCD6-494F-0158-E221-12823C92A888): 10
LogDevObjectVersion:   Dev-Niagara (F2AED0AC-9AFE-416F-8664-AA7FFA26D6FC): 1
LogDevObjectVersion:   Dev-Destruction (174F1F0B-B4C6-45A5-B13F-2EE8D0FB917D): 10
LogDevObjectVersion:   Dev-Physics-Ext (35F94A83-E258-406C-A318-09F59610247C): 41
LogDevObjectVersion:   Dev-PhysicsMaterial-Chaos (B68FC16E-8B1B-42E2-B453-215C058844FE): 1
LogDevObjectVersion:   Dev-CineCamera (B2E18506-4273-CFC2-A54E-F4BB758BBA07): 1
LogDevObjectVersion:   Dev-VirtualProduction (64F58936-FD1B-42BA-BA96-7289D5D0FA4E): 1
LogDevObjectVersion:   Dev-MediaFramework (6F0ED827-A609-4895-9C91-998D90180EA4): 2
LogInit: Presizing for max 2097152 objects, including 1 objects not considered by GC, pre-allocating 0 bytes for permanent pool.
LogConfig: Applying CVar settings from Section [/Script/Engine.StreamingSettings] File [../../../PokeHunter/Saved/Config/WindowsServer/Engine.ini]
LogConfig: Setting CVar [[s.MinBulkDataSizeForAsyncLoading:131072]]
LogConfig: Setting CVar [[s.AsyncLoadingThreadEnabled:0]]
LogConfig: Setting CVar [[s.EventDrivenLoaderEnabled:1]]
LogConfig: Setting CVar [[s.WarnIfTimeLimitExceeded:0]]
LogConfig: Setting CVar [[s.TimeLimitExceededMultiplier:1.5]]
LogConfig: Setting CVar [[s.TimeLimitExceededMinTime:0.005]]
LogConfig: Setting CVar [[s.UseBackgroundLevelStreaming:1]]
LogConfig: Setting CVar [[s.PriorityAsyncLoadingExtraTime:15.0]]
LogConfig: Setting CVar [[s.LevelStreamingActorsUpdateTimeLimit:5.0]]
LogConfig: Setting CVar [[s.PriorityLevelStreamingActorsUpdateExtraTime:5.0]]
LogConfig: Setting CVar [[s.LevelStreamingComponentsRegistrationGranularity:10]]
LogConfig: Setting CVar [[s.UnregisterComponentsTimeLimit:1.0]]
LogConfig: Setting CVar [[s.LevelStreamingComponentsUnregistrationGranularity:5]]
LogConfig: Setting CVar [[s.FlushStreamingOnExit:1]]
LogStreaming: Display: Async Loading initialized: Event Driven Loader: true, Async Loading Thread: false, Async Post Load: false
LogInit: Object subsystem initialized
LogConfig: Setting CVar [[con.DebugEarlyDefault:1]]
LogConfig: Setting CVar [[r.setres:1280x720]]
LogConfig: Setting CVar [[fx.NiagaraAllowRuntimeScalabilityChanges:1]]
[2022.09.20-13.07.40:446][  0]LogConfig: Setting CVar [[con.DebugEarlyDefault:1]]
[2022.09.20-13.07.40:447][  0]LogConfig: Setting CVar [[r.setres:1280x720]]
[2022.09.20-13.07.40:447][  0]LogConfig: Setting CVar [[fx.NiagaraAllowRuntimeScalabilityChanges:1]]
[2022.09.20-13.07.40:448][  0]LogConfig: Applying CVar settings from Section [/Script/Engine.RendererSettings] File [../../../PokeHunter/Saved/Config/WindowsServer/Engine.ini]
[2022.09.20-13.07.40:448][  0]LogConfig: Setting CVar [[r.GPUCrashDebugging:0]]
[2022.09.20-13.07.40:449][  0]LogConfig: Applying CVar settings from Section [/Script/Engine.RendererOverrideSettings] File [../../../PokeHunter/Saved/Config/WindowsServer/Engine.ini]
[2022.09.20-13.07.40:449][  0]LogConfig: Applying CVar settings from Section [/Script/Engine.StreamingSettings] File [../../../PokeHunter/Saved/Config/WindowsServer/Engine.ini]
[2022.09.20-13.07.40:450][  0]LogConfig: Setting CVar [[s.MinBulkDataSizeForAsyncLoading:131072]]
[2022.09.20-13.07.40:452][  0]LogConfig: Setting CVar [[s.AsyncLoadingThreadEnabled:0]]
[2022.09.20-13.07.40:452][  0]LogConfig: Setting CVar [[s.EventDrivenLoaderEnabled:1]]
[2022.09.20-13.07.40:453][  0]LogConfig: Setting CVar [[s.WarnIfTimeLimitExceeded:0]]
[2022.09.20-13.07.40:453][  0]LogConfig: Setting CVar [[s.TimeLimitExceededMultiplier:1.5]]
[2022.09.20-13.07.40:454][  0]LogConfig: Setting CVar [[s.TimeLimitExceededMinTime:0.005]]
[2022.09.20-13.07.40:454][  0]LogConfig: Setting CVar [[s.UseBackgroundLevelStreaming:1]]
[2022.09.20-13.07.40:455][  0]LogConfig: Setting CVar [[s.PriorityAsyncLoadingExtraTime:15.0]]
[2022.09.20-13.07.40:455][  0]LogConfig: Setting CVar [[s.LevelStreamingActorsUpdateTimeLimit:5.0]]
[2022.09.20-13.07.40:456][  0]LogConfig: Setting CVar [[s.PriorityLevelStreamingActorsUpdateExtraTime:5.0]]
[2022.09.20-13.07.40:456][  0]LogConfig: Setting CVar [[s.LevelStreamingComponentsRegistrationGranularity:10]]
[2022.09.20-13.07.40:457][  0]LogConfig: Setting CVar [[s.UnregisterComponentsTimeLimit:1.0]]
[2022.09.20-13.07.40:457][  0]LogConfig: Setting CVar [[s.LevelStreamingComponentsUnregistrationGranularity:5]]
[2022.09.20-13.07.40:458][  0]LogConfig: Setting CVar [[s.FlushStreamingOnExit:1]]
[2022.09.20-13.07.40:458][  0]LogConfig: Applying CVar settings from Section [/Script/Engine.GarbageCollectionSettings] File [../../../PokeHunter/Saved/Config/WindowsServer/Engine.ini]
[2022.09.20-13.07.40:459][  0]LogConfig: Setting CVar [[gc.MaxObjectsNotConsideredByGC:1]]
[2022.09.20-13.07.40:459][  0]LogConfig: Setting CVar [[gc.SizeOfPermanentObjectPool:0]]
[2022.09.20-13.07.40:460][  0]LogConfig: Setting CVar [[gc.FlushStreamingOnGC:0]]
[2022.09.20-13.07.40:461][  0]LogConfig: Setting CVar [[gc.NumRetriesBeforeForcingGC:10]]
[2022.09.20-13.07.40:462][  0]LogConfig: Setting CVar [[gc.AllowParallelGC:1]]
[2022.09.20-13.07.40:462][  0]LogConfig: Setting CVar [[gc.TimeBetweenPurgingPendingKillObjects:61.1]]
[2022.09.20-13.07.40:463][  0]LogConfig: Setting CVar [[gc.MaxObjectsInEditor:25165824]]
[2022.09.20-13.07.40:463][  0]LogConfig: Setting CVar [[gc.IncrementalBeginDestroyEnabled:1]]
[2022.09.20-13.07.40:464][  0]LogConfig: Setting CVar [[gc.CreateGCClusters:1]]
[2022.09.20-13.07.40:464][  0]LogConfig: Setting CVar [[gc.MinGCClusterSize:5]]
[2022.09.20-13.07.40:465][  0]LogConfig: Setting CVar [[gc.ActorClusteringEnabled:0]]
[2022.09.20-13.07.40:465][  0]LogConfig: Setting CVar [[gc.BlueprintClusteringEnabled:0]]
[2022.09.20-13.07.40:466][  0]LogConfig: Setting CVar [[gc.UseDisregardForGCOnDedicatedServers:0]]
[2022.09.20-13.07.40:466][  0]LogConfig: Setting CVar [[gc.MultithreadedDestructionEnabled:1]]
[2022.09.20-13.07.40:467][  0]LogConfig: Applying CVar settings from Section [/Script/Engine.NetworkSettings] File [../../../PokeHunter/Saved/Config/WindowsServer/Engine.ini]
[2022.09.20-13.07.40:468][  0]LogConfig: Applying CVar settings from Section [ViewDistanceQuality@3] File [../../../PokeHunter/Saved/Config/WindowsServer/Scalability.ini]
[2022.09.20-13.07.40:469][  0]LogConfig: Setting CVar [[r.SkeletalMeshLODBias:0]]
[2022.09.20-13.07.40:469][  0]LogConfig: Setting CVar [[r.ViewDistanceScale:1.0]]
[2022.09.20-13.07.40:470][  0]LogConfig: Applying CVar settings from Section [AntiAliasingQuality@3] File [../../../PokeHunter/Saved/Config/WindowsServer/Scalability.ini]
[2022.09.20-13.07.40:471][  0]LogConfig: Setting CVar [[r.PostProcessAAQuality:4]]
[2022.09.20-13.07.40:472][  0]LogConfig: Applying CVar settings from Section [ShadowQuality@3] File [../../../PokeHunter/Saved/Config/WindowsServer/Scalability.ini]
[2022.09.20-13.07.40:472][  0]LogConfig: Setting CVar [[r.LightFunctionQuality:1]]
[2022.09.20-13.07.40:473][  0]LogConfig: Setting CVar [[r.ShadowQuality:5]]
[2022.09.20-13.07.40:473][  0]LogConfig: Setting CVar [[r.Shadow.CSM.MaxCascades:10]]
[2022.09.20-13.07.40:474][  0]LogConfig: Setting CVar [[r.Shadow.MaxResolution:2048]]
[2022.09.20-13.07.40:474][  0]LogConfig: Setting CVar [[r.Shadow.MaxCSMResolution:2048]]
[2022.09.20-13.07.40:475][  0]LogConfig: Setting CVar [[r.Shadow.RadiusThreshold:0.01]]
[2022.09.20-13.07.40:475][  0]LogConfig: Setting CVar [[r.Shadow.DistanceScale:1.0]]
[2022.09.20-13.07.40:476][  0]LogConfig: Setting CVar [[r.Shadow.CSM.TransitionScale:1.0]]
[2022.09.20-13.07.40:476][  0]LogConfig: Setting CVar [[r.Shadow.PreShadowResolutionFactor:1.0]]
[2022.09.20-13.07.40:477][  0]LogConfig: Setting CVar [[r.DistanceFieldShadowing:1]]
[2022.09.20-13.07.40:477][  0]LogConfig: Setting CVar [[r.DistanceFieldAO:1]]
[2022.09.20-13.07.40:478][  0]LogConfig: Setting CVar [[r.AOQuality:2]]
[2022.09.20-13.07.40:478][  0]LogConfig: Setting CVar [[r.VolumetricFog:1]]
[2022.09.20-13.07.40:479][  0]LogConfig: Setting CVar [[r.VolumetricFog.GridPixelSize:8]]
[2022.09.20-13.07.40:479][  0]LogConfig: Setting CVar [[r.VolumetricFog.GridSizeZ:128]]
[2022.09.20-13.07.40:480][  0]LogConfig: Setting CVar [[r.VolumetricFog.HistoryMissSupersampleCount:4]]
[2022.09.20-13.07.40:481][  0]LogConfig: Setting CVar [[r.LightMaxDrawDistanceScale:1]]
[2022.09.20-13.07.40:482][  0]LogConfig: Setting CVar [[r.CapsuleShadows:1]]
[2022.09.20-13.07.40:482][  0]LogConfig: Applying CVar settings from Section [PostProcessQuality@3] File [../../../PokeHunter/Saved/Config/WindowsServer/Scalability.ini]
[2022.09.20-13.07.40:483][  0]LogConfig: Setting CVar [[r.MotionBlurQuality:4]]
[2022.09.20-13.07.40:483][  0]LogConfig: Setting CVar [[r.AmbientOcclusionMipLevelFactor:0.4]]
[2022.09.20-13.07.40:484][  0]LogConfig: Setting CVar [[r.AmbientOcclusionMaxQuality:100]]
[2022.09.20-13.07.40:484][  0]LogConfig: Setting CVar [[r.AmbientOcclusionLevels:-1]]
[2022.09.20-13.07.40:485][  0]LogConfig: Setting CVar [[r.AmbientOcclusionRadiusScale:1.0]]
[2022.09.20-13.07.40:485][  0]LogConfig: Setting CVar [[r.DepthOfFieldQuality:2]]
[2022.09.20-13.07.40:486][  0]LogConfig: Setting CVar [[r.RenderTargetPoolMin:400]]
[2022.09.20-13.07.40:486][  0]LogConfig: Setting CVar [[r.LensFlareQuality:2]]
[2022.09.20-13.07.40:487][  0]LogConfig: Setting CVar [[r.SceneColorFringeQuality:1]]
[2022.09.20-13.07.40:487][  0]LogConfig: Setting CVar [[r.EyeAdaptationQuality:2]]
[2022.09.20-13.07.40:487][  0]LogConfig: Setting CVar [[r.BloomQuality:5]]
[2022.09.20-13.07.40:489][  0]LogConfig: Setting CVar [[r.FastBlurThreshold:100]]
[2022.09.20-13.07.40:489][  0]LogConfig: Setting CVar [[r.Upscale.Quality:3]]
[2022.09.20-13.07.40:490][  0]LogConfig: Setting CVar [[r.Tonemapper.GrainQuantization:1]]
[2022.09.20-13.07.40:491][  0]LogConfig: Setting CVar [[r.LightShaftQuality:1]]
[2022.09.20-13.07.40:492][  0]LogConfig: Setting CVar [[r.Filter.SizeScale:1]]
[2022.09.20-13.07.40:493][  0]LogConfig: Setting CVar [[r.Tonemapper.Quality:5]]
[2022.09.20-13.07.40:493][  0]LogConfig: Setting CVar [[r.DOF.Gather.AccumulatorQuality:1        ; higher gathering accumulator quality]]
[2022.09.20-13.07.40:494][  0]LogConfig: Setting CVar [[r.DOF.Gather.PostfilterMethod:1          ; Median3x3 postfilering method]]
[2022.09.20-13.07.40:494][  0]LogConfig: Setting CVar [[r.DOF.Gather.EnableBokehSettings:0       ; no bokeh simulation when gathering]]
[2022.09.20-13.07.40:495][  0]LogConfig: Setting CVar [[r.DOF.Gather.RingCount:4                 ; medium number of samples when gathering]]
[2022.09.20-13.07.40:495][  0]LogConfig: Setting CVar [[r.DOF.Scatter.ForegroundCompositing:1    ; additive foreground scattering]]
[2022.09.20-13.07.40:495][  0]LogConfig: Setting CVar [[r.DOF.Scatter.BackgroundCompositing:2    ; additive background scattering]]
[2022.09.20-13.07.40:496][  0]LogConfig: Setting CVar [[r.DOF.Scatter.EnableBokehSettings:1      ; bokeh simulation when scattering]]
[2022.09.20-13.07.40:496][  0]LogConfig: Setting CVar [[r.DOF.Scatter.MaxSpriteRatio:0.1         ; only a maximum of 10% of scattered bokeh]]
[2022.09.20-13.07.40:497][  0]LogConfig: Setting CVar [[r.DOF.Recombine.Quality:1                ; cheap slight out of focus]]
[2022.09.20-13.07.40:497][  0]LogConfig: Setting CVar [[r.DOF.Recombine.EnableBokehSettings:0    ; no bokeh simulation on slight out of focus]]
[2022.09.20-13.07.40:498][  0]LogConfig: Setting CVar [[r.DOF.TemporalAAQuality:1                ; more stable temporal accumulation]]
[2022.09.20-13.07.40:499][  0]LogConfig: Setting CVar [[r.DOF.Kernel.MaxForegroundRadius:0.025]]
[2022.09.20-13.07.40:499][  0]LogConfig: Setting CVar [[r.DOF.Kernel.MaxBackgroundRadius:0.025]]
[2022.09.20-13.07.40:500][  0]LogConfig: Applying CVar settings from Section [TextureQuality@3] File [../../../PokeHunter/Saved/Config/WindowsServer/Scalability.ini]
[2022.09.20-13.07.40:501][  0]LogConfig: Setting CVar [[r.Streaming.MipBias:0]]
[2022.09.20-13.07.40:502][  0]LogConfig: Setting CVar [[r.Streaming.AmortizeCPUToGPUCopy:0]]
[2022.09.20-13.07.40:502][  0]LogConfig: Setting CVar [[r.Streaming.MaxNumTexturesToStreamPerFrame:0]]
[2022.09.20-13.07.40:503][  0]LogConfig: Setting CVar [[r.Streaming.Boost:1]]
[2022.09.20-13.07.40:504][  0]LogConfig: Setting CVar [[r.MaxAnisotropy:8]]
[2022.09.20-13.07.40:504][  0]LogConfig: Setting CVar [[r.VT.MaxAnisotropy:8]]
[2022.09.20-13.07.40:504][  0]LogConfig: Setting CVar [[r.Streaming.LimitPoolSizeToVRAM:0]]
[2022.09.20-13.07.40:505][  0]LogConfig: Setting CVar [[r.Streaming.PoolSize:1000]]
[2022.09.20-13.07.40:506][  0]LogConfig: Setting CVar [[r.Streaming.MaxEffectiveScreenSize:0]]
[2022.09.20-13.07.40:506][  0]LogConfig: Applying CVar settings from Section [EffectsQuality@3] File [../../../PokeHunter/Saved/Config/WindowsServer/Scalability.ini]
[2022.09.20-13.07.40:506][  0]LogConfig: Setting CVar [[r.TranslucencyLightingVolumeDim:64]]
[2022.09.20-13.07.40:507][  0]LogConfig: Setting CVar [[r.RefractionQuality:2]]
[2022.09.20-13.07.40:507][  0]LogConfig: Setting CVar [[r.SSR.Quality:3]]
[2022.09.20-13.07.40:508][  0]LogConfig: Setting CVar [[r.SSR.HalfResSceneColor:0]]
[2022.09.20-13.07.40:508][  0]LogConfig: Setting CVar [[r.SceneColorFormat:4]]
[2022.09.20-13.07.40:509][  0]LogConfig: Setting CVar [[r.DetailMode:2]]
[2022.09.20-13.07.40:509][  0]LogConfig: Setting CVar [[r.TranslucencyVolumeBlur:1]]
[2022.09.20-13.07.40:510][  0]LogConfig: Setting CVar [[r.MaterialQualityLevel:1 ; High quality]]
[2022.09.20-13.07.40:511][  0]LogConfig: Setting CVar [[r.AnisotropicMaterials:1]]
[2022.09.20-13.07.40:512][  0]LogConfig: Setting CVar [[r.SSS.Scale:1]]
[2022.09.20-13.07.40:512][  0]LogConfig: Setting CVar [[r.SSS.SampleSet:2]]
[2022.09.20-13.07.40:512][  0]LogConfig: Setting CVar [[r.SSS.Quality:1]]
[2022.09.20-13.07.40:513][  0]LogConfig: Setting CVar [[r.SSS.HalfRes:0]]
[2022.09.20-13.07.40:513][  0]LogConfig: Setting CVar [[r.SSGI.Quality:3]]
[2022.09.20-13.07.40:514][  0]LogConfig: Setting CVar [[r.EmitterSpawnRateScale:1.0]]
[2022.09.20-13.07.40:514][  0]LogConfig: Setting CVar [[r.ParticleLightQuality:2]]
[2022.09.20-13.07.40:516][  0]LogConfig: Setting CVar [[r.SkyAtmosphere.AerialPerspectiveLUT.FastApplyOnOpaque:1 ; Always have FastSkyLUT 1 in this case to avoid wrong sky]]
[2022.09.20-13.07.40:516][  0]LogConfig: Setting CVar [[r.SkyAtmosphere.AerialPerspectiveLUT.SampleCountMaxPerSlice:4]]
[2022.09.20-13.07.40:517][  0]LogConfig: Setting CVar [[r.SkyAtmosphere.AerialPerspectiveLUT.DepthResolution:16.0]]
[2022.09.20-13.07.40:517][  0]LogConfig: Setting CVar [[r.SkyAtmosphere.FastSkyLUT:1]]
[2022.09.20-13.07.40:518][  0]LogConfig: Setting CVar [[r.SkyAtmosphere.FastSkyLUT.SampleCountMin:4.0]]
[2022.09.20-13.07.40:518][  0]LogConfig: Setting CVar [[r.SkyAtmosphere.FastSkyLUT.SampleCountMax:128.0]]
[2022.09.20-13.07.40:519][  0]LogConfig: Setting CVar [[r.SkyAtmosphere.SampleCountMin:4.0]]
[2022.09.20-13.07.40:520][  0]LogConfig: Setting CVar [[r.SkyAtmosphere.SampleCountMax:128.0]]
[2022.09.20-13.07.40:521][  0]LogConfig: Setting CVar [[r.SkyAtmosphere.TransmittanceLUT.UseSmallFormat:0]]
[2022.09.20-13.07.40:522][  0]LogConfig: Setting CVar [[r.SkyAtmosphere.TransmittanceLUT.SampleCount:10.0]]
[2022.09.20-13.07.40:522][  0]LogConfig: Setting CVar [[r.SkyAtmosphere.MultiScatteringLUT.SampleCount:15.0]]
[2022.09.20-13.07.40:523][  0]LogConfig: Setting CVar [[r.SkyLight.RealTimeReflectionCapture:1]]
[2022.09.20-13.07.40:523][  0]LogConfig: Setting CVar [[fx.Niagara.QualityLevel:3]]
[2022.09.20-13.07.40:524][  0]LogConfig: Applying CVar settings from Section [FoliageQuality@3] File [../../../PokeHunter/Saved/Config/WindowsServer/Scalability.ini]
[2022.09.20-13.07.40:525][  0]LogConfig: Setting CVar [[foliage.DensityScale:1.0]]
[2022.09.20-13.07.40:525][  0]LogConfig: Setting CVar [[grass.DensityScale:1.0]]
[2022.09.20-13.07.40:526][  0]LogConfig: Applying CVar settings from Section [ShadingQuality@3] File [../../../PokeHunter/Saved/Config/WindowsServer/Scalability.ini]
[2022.09.20-13.07.40:526][  0]LogConfig: Setting CVar [[r.HairStrands.SkyLighting.IntegrationType:2]]
[2022.09.20-13.07.40:527][  0]LogConfig: Setting CVar [[r.HairStrands.SkyAO.SampleCount:4]]
[2022.09.20-13.07.40:528][  0]LogConfig: Setting CVar [[r.HairStrands.Visibility.MSAA.SamplePerPixel:4]]
[2022.09.20-13.07.40:528][  0]LogInit: Selected Device Profile: [WindowsServer]
[2022.09.20-13.07.40:529][  0]LogInit: Applying CVar settings loaded from the selected device profile: [WindowsServer]
[2022.09.20-13.07.40:529][  0]LogHAL: Display: Platform has ~ 16 GB [17114873856 / 17179869184 / 16], which maps to Larger [LargestMinGB=32, LargerMinGB=12, DefaultMinGB=8, SmallerMinGB=6, SmallestMinGB=0)
[2022.09.20-13.07.40:531][  0]LogInit: Going up to parent DeviceProfile [Windows]
[2022.09.20-13.07.40:531][  0]LogInit: Going up to parent DeviceProfile []
[2022.09.20-13.07.40:532][  0]LogConfig: Applying CVar settings from Section [ViewDistanceQuality@3] File [../../../PokeHunter/Saved/Config/WindowsServer/Scalability.ini]
[2022.09.20-13.07.40:532][  0]LogConfig: Setting CVar [[r.SkeletalMeshLODBias:0]]
[2022.09.20-13.07.40:533][  0]LogConfig: Setting CVar [[r.ViewDistanceScale:1.0]]
[2022.09.20-13.07.40:533][  0]LogConfig: Applying CVar settings from Section [AntiAliasingQuality@3] File [../../../PokeHunter/Saved/Config/WindowsServer/Scalability.ini]
[2022.09.20-13.07.40:534][  0]LogConfig: Setting CVar [[r.PostProcessAAQuality:4]]
[2022.09.20-13.07.40:534][  0]LogConfig: Applying CVar settings from Section [ShadowQuality@3] File [../../../PokeHunter/Saved/Config/WindowsServer/Scalability.ini]
[2022.09.20-13.07.40:534][  0]LogConfig: Setting CVar [[r.LightFunctionQuality:1]]
[2022.09.20-13.07.40:535][  0]LogConfig: Setting CVar [[r.ShadowQuality:5]]
[2022.09.20-13.07.40:535][  0]LogConfig: Setting CVar [[r.Shadow.CSM.MaxCascades:10]]
[2022.09.20-13.07.40:535][  0]LogConfig: Setting CVar [[r.Shadow.MaxResolution:2048]]
[2022.09.20-13.07.40:535][  0]LogConfig: Setting CVar [[r.Shadow.MaxCSMResolution:2048]]
[2022.09.20-13.07.40:535][  0]LogConfig: Setting CVar [[r.Shadow.RadiusThreshold:0.01]]
[2022.09.20-13.07.40:536][  0]LogConfig: Setting CVar [[r.Shadow.DistanceScale:1.0]]
[2022.09.20-13.07.40:536][  0]LogConfig: Setting CVar [[r.Shadow.CSM.TransitionScale:1.0]]
[2022.09.20-13.07.40:537][  0]LogConfig: Setting CVar [[r.Shadow.PreShadowResolutionFactor:1.0]]
[2022.09.20-13.07.40:537][  0]LogConfig: Setting CVar [[r.DistanceFieldShadowing:1]]
[2022.09.20-13.07.40:538][  0]LogConfig: Setting CVar [[r.DistanceFieldAO:1]]
[2022.09.20-13.07.40:538][  0]LogConfig: Setting CVar [[r.AOQuality:2]]
[2022.09.20-13.07.40:539][  0]LogConfig: Setting CVar [[r.VolumetricFog:1]]
[2022.09.20-13.07.40:541][  0]LogConfig: Setting CVar [[r.VolumetricFog.GridPixelSize:8]]
[2022.09.20-13.07.40:541][  0]LogConfig: Setting CVar [[r.VolumetricFog.GridSizeZ:128]]
[2022.09.20-13.07.40:542][  0]LogConfig: Setting CVar [[r.VolumetricFog.HistoryMissSupersampleCount:4]]
[2022.09.20-13.07.40:542][  0]LogConfig: Setting CVar [[r.LightMaxDrawDistanceScale:1]]
[2022.09.20-13.07.40:543][  0]LogConfig: Setting CVar [[r.CapsuleShadows:1]]
[2022.09.20-13.07.40:543][  0]LogConfig: Applying CVar settings from Section [PostProcessQuality@3] File [../../../PokeHunter/Saved/Config/WindowsServer/Scalability.ini]
[2022.09.20-13.07.40:544][  0]LogConfig: Setting CVar [[r.MotionBlurQuality:4]]
[2022.09.20-13.07.40:544][  0]LogConfig: Setting CVar [[r.AmbientOcclusionMipLevelFactor:0.4]]
[2022.09.20-13.07.40:545][  0]LogConfig: Setting CVar [[r.AmbientOcclusionMaxQuality:100]]
[2022.09.20-13.07.40:546][  0]LogConfig: Setting CVar [[r.AmbientOcclusionLevels:-1]]
[2022.09.20-13.07.40:546][  0]LogConfig: Setting CVar [[r.AmbientOcclusionRadiusScale:1.0]]
[2022.09.20-13.07.40:547][  0]LogConfig: Setting CVar [[r.DepthOfFieldQuality:2]]
[2022.09.20-13.07.40:547][  0]LogConfig: Setting CVar [[r.RenderTargetPoolMin:400]]
[2022.09.20-13.07.40:548][  0]LogConfig: Setting CVar [[r.LensFlareQuality:2]]
[2022.09.20-13.07.40:549][  0]LogConfig: Setting CVar [[r.SceneColorFringeQuality:1]]
[2022.09.20-13.07.40:554][  0]LogConfig: Setting CVar [[r.EyeAdaptationQuality:2]]
[2022.09.20-13.07.40:554][  0]LogConfig: Setting CVar [[r.BloomQuality:5]]
[2022.09.20-13.07.40:555][  0]LogConfig: Setting CVar [[r.FastBlurThreshold:100]]
[2022.09.20-13.07.40:555][  0]LogConfig: Setting CVar [[r.Upscale.Quality:3]]
[2022.09.20-13.07.40:556][  0]LogConfig: Setting CVar [[r.Tonemapper.GrainQuantization:1]]
[2022.09.20-13.07.40:556][  0]LogConfig: Setting CVar [[r.LightShaftQuality:1]]
[2022.09.20-13.07.40:557][  0]LogConfig: Setting CVar [[r.Filter.SizeScale:1]]
[2022.09.20-13.07.40:557][  0]LogConfig: Setting CVar [[r.Tonemapper.Quality:5]]
[2022.09.20-13.07.40:558][  0]LogConfig: Setting CVar [[r.DOF.Gather.AccumulatorQuality:1        ; higher gathering accumulator quality]]
[2022.09.20-13.07.40:558][  0]LogConfig: Setting CVar [[r.DOF.Gather.PostfilterMethod:1          ; Median3x3 postfilering method]]
[2022.09.20-13.07.40:558][  0]LogConfig: Setting CVar [[r.DOF.Gather.EnableBokehSettings:0       ; no bokeh simulation when gathering]]
[2022.09.20-13.07.40:559][  0]LogConfig: Setting CVar [[r.DOF.Gather.RingCount:4                 ; medium number of samples when gathering]]
[2022.09.20-13.07.40:560][  0]LogConfig: Setting CVar [[r.DOF.Scatter.ForegroundCompositing:1    ; additive foreground scattering]]
[2022.09.20-13.07.40:560][  0]LogConfig: Setting CVar [[r.DOF.Scatter.BackgroundCompositing:2    ; additive background scattering]]
[2022.09.20-13.07.40:561][  0]LogConfig: Setting CVar [[r.DOF.Scatter.EnableBokehSettings:1      ; bokeh simulation when scattering]]
[2022.09.20-13.07.40:561][  0]LogConfig: Setting CVar [[r.DOF.Scatter.MaxSpriteRatio:0.1         ; only a maximum of 10% of scattered bokeh]]
[2022.09.20-13.07.40:562][  0]LogConfig: Setting CVar [[r.DOF.Recombine.Quality:1                ; cheap slight out of focus]]
[2022.09.20-13.07.40:563][  0]LogConfig: Setting CVar [[r.DOF.Recombine.EnableBokehSettings:0    ; no bokeh simulation on slight out of focus]]
[2022.09.20-13.07.40:564][  0]LogConfig: Setting CVar [[r.DOF.TemporalAAQuality:1                ; more stable temporal accumulation]]
[2022.09.20-13.07.40:565][  0]LogConfig: Setting CVar [[r.DOF.Kernel.MaxForegroundRadius:0.025]]
[2022.09.20-13.07.40:565][  0]LogConfig: Setting CVar [[r.DOF.Kernel.MaxBackgroundRadius:0.025]]
[2022.09.20-13.07.40:565][  0]LogConfig: Applying CVar settings from Section [TextureQuality@3] File [../../../PokeHunter/Saved/Config/WindowsServer/Scalability.ini]
[2022.09.20-13.07.40:566][  0]LogConfig: Setting CVar [[r.Streaming.MipBias:0]]
[2022.09.20-13.07.40:567][  0]LogConfig: Setting CVar [[r.Streaming.AmortizeCPUToGPUCopy:0]]
[2022.09.20-13.07.40:567][  0]LogConfig: Setting CVar [[r.Streaming.MaxNumTexturesToStreamPerFrame:0]]
[2022.09.20-13.07.40:568][  0]LogConfig: Setting CVar [[r.Streaming.Boost:1]]
[2022.09.20-13.07.40:568][  0]LogConfig: Setting CVar [[r.MaxAnisotropy:8]]
[2022.09.20-13.07.40:569][  0]LogConfig: Setting CVar [[r.VT.MaxAnisotropy:8]]
[2022.09.20-13.07.40:569][  0]LogConfig: Setting CVar [[r.Streaming.LimitPoolSizeToVRAM:0]]
[2022.09.20-13.07.40:570][  0]LogConfig: Setting CVar [[r.Streaming.PoolSize:1000]]
[2022.09.20-13.07.40:570][  0]LogConfig: Setting CVar [[r.Streaming.MaxEffectiveScreenSize:0]]
[2022.09.20-13.07.40:571][  0]LogConfig: Applying CVar settings from Section [EffectsQuality@3] File [../../../PokeHunter/Saved/Config/WindowsServer/Scalability.ini]
[2022.09.20-13.07.40:571][  0]LogConfig: Setting CVar [[r.TranslucencyLightingVolumeDim:64]]
[2022.09.20-13.07.40:572][  0]LogConfig: Setting CVar [[r.RefractionQuality:2]]
[2022.09.20-13.07.40:573][  0]LogConfig: Setting CVar [[r.SSR.Quality:3]]
[2022.09.20-13.07.40:574][  0]LogConfig: Setting CVar [[r.SSR.HalfResSceneColor:0]]
[2022.09.20-13.07.40:574][  0]LogConfig: Setting CVar [[r.SceneColorFormat:4]]
[2022.09.20-13.07.40:575][  0]LogConfig: Setting CVar [[r.DetailMode:2]]
[2022.09.20-13.07.40:575][  0]LogConfig: Setting CVar [[r.TranslucencyVolumeBlur:1]]
[2022.09.20-13.07.40:576][  0]LogConfig: Setting CVar [[r.MaterialQualityLevel:1 ; High quality]]
[2022.09.20-13.07.40:576][  0]LogConfig: Setting CVar [[r.AnisotropicMaterials:1]]
[2022.09.20-13.07.40:577][  0]LogConfig: Setting CVar [[r.SSS.Scale:1]]
[2022.09.20-13.07.40:577][  0]LogConfig: Setting CVar [[r.SSS.SampleSet:2]]
[2022.09.20-13.07.40:578][  0]LogConfig: Setting CVar [[r.SSS.Quality:1]]
[2022.09.20-13.07.40:579][  0]LogConfig: Setting CVar [[r.SSS.HalfRes:0]]
[2022.09.20-13.07.40:579][  0]LogConfig: Setting CVar [[r.SSGI.Quality:3]]
[2022.09.20-13.07.40:580][  0]LogConfig: Setting CVar [[r.EmitterSpawnRateScale:1.0]]
[2022.09.20-13.07.40:580][  0]LogConfig: Setting CVar [[r.ParticleLightQuality:2]]
[2022.09.20-13.07.40:581][  0]LogConfig: Setting CVar [[r.SkyAtmosphere.AerialPerspectiveLUT.FastApplyOnOpaque:1 ; Always have FastSkyLUT 1 in this case to avoid wrong sky]]
[2022.09.20-13.07.40:582][  0]LogConfig: Setting CVar [[r.SkyAtmosphere.AerialPerspectiveLUT.SampleCountMaxPerSlice:4]]
[2022.09.20-13.07.40:583][  0]LogConfig: Setting CVar [[r.SkyAtmosphere.AerialPerspectiveLUT.DepthResolution:16.0]]
[2022.09.20-13.07.40:584][  0]LogConfig: Setting CVar [[r.SkyAtmosphere.FastSkyLUT:1]]
[2022.09.20-13.07.40:584][  0]LogConfig: Setting CVar [[r.SkyAtmosphere.FastSkyLUT.SampleCountMin:4.0]]
[2022.09.20-13.07.40:585][  0]LogConfig: Setting CVar [[r.SkyAtmosphere.FastSkyLUT.SampleCountMax:128.0]]
[2022.09.20-13.07.40:585][  0]LogConfig: Setting CVar [[r.SkyAtmosphere.SampleCountMin:4.0]]
[2022.09.20-13.07.40:586][  0]LogConfig: Setting CVar [[r.SkyAtmosphere.SampleCountMax:128.0]]
[2022.09.20-13.07.40:586][  0]LogConfig: Setting CVar [[r.SkyAtmosphere.TransmittanceLUT.UseSmallFormat:0]]
[2022.09.20-13.07.40:587][  0]LogConfig: Setting CVar [[r.SkyAtmosphere.TransmittanceLUT.SampleCount:10.0]]
[2022.09.20-13.07.40:587][  0]LogConfig: Setting CVar [[r.SkyAtmosphere.MultiScatteringLUT.SampleCount:15.0]]
[2022.09.20-13.07.40:588][  0]LogConfig: Setting CVar [[r.SkyLight.RealTimeReflectionCapture:1]]
[2022.09.20-13.07.40:588][  0]LogConfig: Setting CVar [[fx.Niagara.QualityLevel:3]]
[2022.09.20-13.07.40:589][  0]LogConfig: Applying CVar settings from Section [FoliageQuality@3] File [../../../PokeHunter/Saved/Config/WindowsServer/Scalability.ini]
[2022.09.20-13.07.40:589][  0]LogConfig: Setting CVar [[foliage.DensityScale:1.0]]
[2022.09.20-13.07.40:590][  0]LogConfig: Setting CVar [[grass.DensityScale:1.0]]
[2022.09.20-13.07.40:590][  0]LogConfig: Applying CVar settings from Section [ShadingQuality@3] File [../../../PokeHunter/Saved/Config/WindowsServer/Scalability.ini]
[2022.09.20-13.07.40:591][  0]LogConfig: Setting CVar [[r.HairStrands.SkyLighting.IntegrationType:2]]
[2022.09.20-13.07.40:592][  0]LogConfig: Setting CVar [[r.HairStrands.SkyAO.SampleCount:4]]
[2022.09.20-13.07.40:594][  0]LogConfig: Setting CVar [[r.HairStrands.Visibility.MSAA.SamplePerPixel:4]]
[2022.09.20-13.07.40:594][  0]LogConfig: Applying CVar settings from Section [Startup] File [../../../Engine/Config/ConsoleVariables.ini]
[2022.09.20-13.07.40:595][  0]LogConfig: Setting CVar [[net.UseAdaptiveNetUpdateFrequency:0]]
[2022.09.20-13.07.40:595][  0]LogConfig: Setting CVar [[p.chaos.AllowCreatePhysxBodies:1]]
[2022.09.20-13.07.40:596][  0]LogConfig: Setting CVar [[fx.SkipVectorVMBackendOptimizations:1]]
[2022.09.20-13.07.40:597][  0]LogConfig: Applying CVar settings from Section [ConsoleVariables] File [../../../PokeHunter/Saved/Config/WindowsServer/Engine.ini]
[2022.09.20-13.07.40:597][  0]LogInit: Computer: DESKTOP-HGL2373
[2022.09.20-13.07.40:598][  0]LogInit: User: leemc
[2022.09.20-13.07.40:598][  0]LogInit: CPU Page size=4096, Cores=6
[2022.09.20-13.07.40:599][  0]LogInit: High frequency timer resolution =10.000000 MHz
[2022.09.20-13.07.40:599][  0]LogMemory: Memory total: Physical=15.9GB (16GB approx)
[2022.09.20-13.07.40:600][  0]LogMemory: Platform Memory Stats for WindowsServer
[2022.09.20-13.07.40:600][  0]LogMemory: Process Physical Memory: 75.32 MB used, 75.32 MB peak
[2022.09.20-13.07.40:601][  0]LogMemory: Process Virtual Memory: 75.00 MB used, 75.00 MB peak
[2022.09.20-13.07.40:601][  0]LogMemory: Physical Memory: 6409.76 MB used,  9912.26 MB free, 16322.02 MB total
[2022.09.20-13.07.40:603][  0]LogMemory: Virtual Memory: 134207128.00 MB used,  10599.52 MB free, 134217728.00 MB total
[2022.09.20-13.07.40:615][  0]LogWindows: WindowsPlatformFeatures disabled or dedicated server build
[2022.09.20-13.07.40:745][  0]LogInit: Physics initialised using underlying interface: PhysX
[2022.09.20-13.07.40:746][  0]LogInit: Using OS detected language (ko-KR).
[2022.09.20-13.07.40:746][  0]LogInit: Using OS detected locale (ko-KR).
[2022.09.20-13.07.40:747][  0]LogTextLocalizationManager: No localization for 'ko-KR' exists, so 'en' will be used for the language.
[2022.09.20-13.07.40:748][  0]LogTextLocalizationManager: No localization for 'ko-KR' exists, so 'en' will be used for the locale.
[2022.09.20-13.07.40:770][  0]LogRendererCore: Ray tracing is disabled. Reason: r.RayTracing=0.
[2022.09.20-13.07.40:770][  0]LogODSC: ODSC Thread active.
[2022.09.20-13.07.40:776][  0]LogInit: Using OS detected language (ko-KR).
[2022.09.20-13.07.40:776][  0]LogInit: Using OS detected locale (ko-KR).
[2022.09.20-13.07.40:777][  0]LogTextLocalizationManager: No localization for 'ko-KR' exists, so 'en' will be used for the language.
[2022.09.20-13.07.40:778][  0]LogTextLocalizationManager: No localization for 'ko-KR' exists, so 'en' will be used for the locale.
[2022.09.20-13.07.40:779][  0]LogTextLocalizationManager: Compacting localization data took   0.61ms
[2022.09.20-13.07.40:780][  0]LogAssetRegistry: FAssetRegistry took 0.0013 seconds to start up
[2022.09.20-13.07.40:849][  0]LogStreaming: Display: FlushAsyncLoading: 1 QueuedPackages, 0 AsyncPackages
[2022.09.20-13.07.40:850][  0]LogPackageLocalizationCache: Processed 26 localized package path(s) for 1 prioritized culture(s) in 0.000074 seconds
[2022.09.20-13.07.40:850][  0]LogPakFile: New pak file ../../../PokeHunter/Content/Paks/PokeHunter-WindowsServer.pak added to pak precacher.
[2022.09.20-13.07.40:852][  0]LogInit: Selected Device Profile: [WindowsServer]
[2022.09.20-13.07.40:852][  0]LogInit: Active device profile: [0000021AE75E0E80][0000021AE3440010 49] WindowsServer
[2022.09.20-13.07.40:852][  0]LogInit: Profiles: [0000021AE75E1000][0000021AE5BA9250 49] Windows, [0000021AE75E0E80][0000021AE3440010 49] WindowsServer, 
[2022.09.20-13.07.40:862][  0]LogSerialization: Display: AllowBulkDataInIoStore: 'true'
[2022.09.20-13.07.40:869][  0]LogNetVersion: PokeHunter 1.0.0, NetCL: 0, EngineNetVer: 17, GameNetVer: 0 (Checksum: 3968436129)
[2022.09.20-13.07.40:892][  0]LogAudioCaptureCore: Display: No Audio Capture implementations found. Audio input will be silent.
[2022.09.20-13.07.40:892][  0]LogAudioCaptureCore: Display: No Audio Capture implementations found. Audio input will be silent.
[2022.09.20-13.07.40:893][  0]LogHMD: PokeAHoleMaterial loaded successfully
[2022.09.20-13.07.40:912][  0]LogUObjectArray: 15740 objects as part of root set at end of initial load.
[2022.09.20-13.07.40:913][  0]LogUObjectAllocator: 3184440 out of 0 bytes used by permanent object pool.
[2022.09.20-13.07.40:913][  0]LogUObjectArray: CloseDisregardForGC: 15740/0 objects in disregard for GC pool
[2022.09.20-13.07.40:934][  0]LogNiagaraDebuggerClient: Niagara Debugger Client Initialized | Session: F18D2E364F7E0908C7F144B7BE60F301 | Instance: 4DE3E0544229F664C4FDF991799909D9 (DESKTOP-HGL2373-32192).
[2022.09.20-13.07.40:936][  0]LogAndroidPermission: UAndroidPermissionCallbackProxy::GetInstance
[2022.09.20-13.07.40:936][  0]LogOcInput: OculusInput pre-init called
[2022.09.20-13.07.40:937][  0]LogEngine: Initializing Engine...
[2022.09.20-13.07.40:938][  0]LogStats: UGameplayTagsManager::InitializeManager -  0.000 s
[2022.09.20-13.07.40:942][  0]LogInit: Initializing FReadOnlyCVARCache
[2022.09.20-13.07.40:942][  0]LogNetVersion: Set ProjectVersion to 1.0.0.0. Version Checksum will be recalculated on next use.
[2022.09.20-13.07.40:942][  0]LogInit: Texture streaming: Disabled
[2022.09.20-13.07.40:953][  0]LogInit: Display: Game Engine Initialized.
[2022.09.20-13.07.40:954][  0]LogInit: Display: Starting Game.
[2022.09.20-13.07.40:954][  0]LogNet: Browse: /Game/StarterContent/Maps/Minimal_Default?Name=Player
[2022.09.20-13.07.40:954][  0]LogLoad: LoadMap: /Game/StarterContent/Maps/Minimal_Default?Name=Player
[2022.09.20-13.07.40:955][  0]LogWorld: BeginTearingDown for /Temp/Untitled_0
[2022.09.20-13.07.40:958][  0]LogWorld: UWorld::CleanupWorld for Untitled, bSessionEnded=true, bCleanupResources=true
[2022.09.20-13.07.40:960][  0]LogUObjectHash: Compacting FUObjectHashTables data took   0.57ms
[2022.09.20-13.07.40:968][  0]LogAIModule: Creating AISystem for world Minimal_Default
[2022.09.20-13.07.40:968][  0]LogLoad: Game class is 'GameModeBase'
[2022.09.20-13.07.40:969][  0]LogNet: ReplicationDriverClass is null! Not using ReplicationDriver.
[2022.09.20-13.07.40:969][  0]LogNetCore: DDoS detection status: detection enabled: 0 analytics enabled: 0
[2022.09.20-13.07.40:970][  0]LogInit: WinSock: Socket queue. Rx: 131072 (config 131072) Tx: 131072 (config 131072)
[2022.09.20-13.07.40:971][  0]LogNet: Created socket for bind address: 0.0.0.0 on port 7777
[2022.09.20-13.07.40:972][  0]PacketHandlerLog: Loaded PacketHandler component: Engine.EngineHandlerComponentFactory (StatelessConnectHandlerComponent)
[2022.09.20-13.07.40:973][  0]LogNet: GameNetDriver IpNetDriver_2147482567 IpNetDriver listening on port 7777
[2022.09.20-13.07.40:974][  0]LogWorld: Bringing World /Game/StarterContent/Maps/Minimal_Default.Minimal_Default up for play (max tick rate 30) at 2022.09.20-22.07.40
[2022.09.20-13.07.40:975][  0]LogWorld: Bringing up level for play took: 0.001089
[2022.09.20-13.07.40:975][  0]LogLoad: Took 0.020862 seconds to LoadMap(/Game/StarterContent/Maps/Minimal_Default)
[2022.09.20-13.07.40:976][  0]LogPakFile: AllPaks IndexSizes: DirectoryHashSize=199288, PathHashSize=16, EntriesSize=32752, TotalSize=232056
[2022.09.20-13.07.40:976][  0]LogInit: Display: Engine is initialized. Leaving FEngineLoop::Init()
[2022.09.20-13.07.40:977][  0]LogLoad: (Engine Initialization) Total time: 4.14 seconds
[2022.09.20-13.08.11:443][900]LogNet: NotifyAcceptingConnection accepted from: 127.0.0.1:49348
[2022.09.20-13.08.11:443][900]LogHandshake: SendConnectChallenge. Timestamp: 30.465044, Cookie: 097195132234031126210200250229234215082075083193051076033042
[2022.09.20-13.08.11:476][901]LogNet: NotifyAcceptingConnection accepted from: 127.0.0.1:49348
[2022.09.20-13.08.11:476][901]LogHandshake: SendChallengeAck. InCookie: 097195132234031126210200250229234215082075083193051076033042
[2022.09.20-13.08.11:477][901]LogNet: Server accepting post-challenge connection from: 127.0.0.1:49348
[2022.09.20-13.08.11:478][901]PacketHandlerLog: Loaded PacketHandler component: Engine.EngineHandlerComponentFactory (StatelessConnectHandlerComponent)
[2022.09.20-13.08.11:478][901]LogNet: NotifyAcceptedConnection: Name: Minimal_Default, TimeStamp: 09/20/22 22:08:11, [UNetConnection] RemoteAddr: 127.0.0.1:49348, Name: IpConnection_2147482560, Driver: GameNetDriver IpNetDriver_2147482567, IsServer: YES, PC: NULL, Owner: NULL, UniqueId: INVALID
[2022.09.20-13.08.11:479][901]LogNet: AddClientConnection: Added client connection: [UNetConnection] RemoteAddr: 127.0.0.1:49348, Name: IpConnection_2147482560, Driver: GameNetDriver IpNetDriver_2147482567, IsServer: YES, PC: NULL, Owner: NULL, UniqueId: INVALID
[2022.09.20-13.08.11:480][901]LogNet: NotifyAcceptingChannel Control 0 server World /Game/StarterContent/Maps/Minimal_Default.Minimal_Default: Accepted
[2022.09.20-13.08.11:480][901]LogNet: Remote platform little endian=1
[2022.09.20-13.08.11:481][901]LogNet: This platform little endian=1
[2022.09.20-13.08.11:482][901]LogNetVersion: PokeHunter 1.0.0.0, NetCL: 0, EngineNetVer: 17, GameNetVer: 0 (Checksum: 1535228117)
[2022.09.20-13.08.11:509][902]LogNet: Login request: ?Name=DESKTOP-HGL2373-EFA45FBD4E0369CE4EAFF8834CDB1395 userId: NULL:DESKTOP-HGL2373-EFA45FBD4E0369CE4EAFF8834CDB1395 platform: NULL
[2022.09.20-13.08.11:576][904]LogNet: Client netspeed is 100000
[2022.09.20-13.08.11:576][904]LogNet: Join request: /Game/StarterContent/Maps/Minimal_Default?Name=DESKTOP-HGL2373-EFA45FBD4E0369CE4EAFF8834CDB1395?SplitscreenCount=1
[2022.09.20-13.08.11:578][904]LogOnlineSession: Warning: OSS: No game present to join for session (GameSession)
[2022.09.20-13.08.11:581][904]LogNet: Join succeeded: DESKTOP-HGL2373-EFA4
[2022.09.20-13.08.49:880][ 64]LogNet: NotifyAcceptingConnection accepted from: 127.0.0.1:63400
[2022.09.20-13.08.49:880][ 64]LogHandshake: SendConnectChallenge. Timestamp: 68.901638, Cookie: 054165126036025228231181240179238167254229198132022172127041
[2022.09.20-13.08.49:913][ 65]LogNet: NotifyAcceptingConnection accepted from: 127.0.0.1:63400
[2022.09.20-13.08.49:913][ 65]LogHandshake: SendChallengeAck. InCookie: 054165126036025228231181240179238167254229198132022172127041
[2022.09.20-13.08.49:914][ 65]LogNet: Server accepting post-challenge connection from: 127.0.0.1:63400
[2022.09.20-13.08.49:915][ 65]PacketHandlerLog: Loaded PacketHandler component: Engine.EngineHandlerComponentFactory (StatelessConnectHandlerComponent)
[2022.09.20-13.08.49:915][ 65]LogNet: NotifyAcceptedConnection: Name: Minimal_Default, TimeStamp: 09/20/22 22:08:49, [UNetConnection] RemoteAddr: 127.0.0.1:63400, Name: IpConnection_2147482533, Driver: GameNetDriver IpNetDriver_2147482567, IsServer: YES, PC: NULL, Owner: NULL, UniqueId: INVALID
[2022.09.20-13.08.49:916][ 65]LogNet: AddClientConnection: Added client connection: [UNetConnection] RemoteAddr: 127.0.0.1:63400, Name: IpConnection_2147482533, Driver: GameNetDriver IpNetDriver_2147482567, IsServer: YES, PC: NULL, Owner: NULL, UniqueId: INVALID
[2022.09.20-13.08.49:917][ 65]LogNet: NotifyAcceptingChannel Control 0 server World /Game/StarterContent/Maps/Minimal_Default.Minimal_Default: Accepted
[2022.09.20-13.08.49:918][ 65]LogNet: Remote platform little endian=1
[2022.09.20-13.08.49:918][ 65]LogNet: This platform little endian=1
[2022.09.20-13.08.49:947][ 66]LogNet: Login request: ?Name=DESKTOP-HGL2373-DA6D78A4430999ED1EDFAFA9A26C34BC userId: NULL:DESKTOP-HGL2373-DA6D78A4430999ED1EDFAFA9A26C34BC platform: NULL
[2022.09.20-13.08.50:014][ 68]LogNet: Client netspeed is 100000
[2022.09.20-13.08.50:014][ 68]LogNet: Join request: /Game/StarterContent/Maps/Minimal_Default?Name=DESKTOP-HGL2373-DA6D78A4430999ED1EDFAFA9A26C34BC?SplitscreenCount=1
[2022.09.20-13.08.50:017][ 68]LogOnlineSession: Warning: OSS: No game present to join for session (GameSession)
[2022.09.20-13.08.50:019][ 68]LogNet: Join succeeded: DESKTOP-HGL2373-DA6D
[2022.09.20-13.09.23:536][ 83]LogNet: UChannel::ReceivedSequencedBunch: Bunch.bClose == true. ChIndex == 0. Calling ConditionalCleanUp.
[2022.09.20-13.09.23:536][ 83]LogNet: UChannel::CleanUp: ChIndex == 0. Closing connection. [UChannel] ChIndex: 0, Closing: 0 [UNetConnection] RemoteAddr: 127.0.0.1:63400, Name: IpConnection_2147482533, Driver: GameNetDriver IpNetDriver_2147482567, IsServer: YES, PC: PlayerController_2147482529, Owner: PlayerController_2147482529, UniqueId: NULL:DESKTOP-HGL2373-DA6D78A4430999ED1EDFAFA9A26C34BC
[2022.09.20-13.09.23:537][ 83]LogNet: UNetConnection::Close: [UNetConnection] RemoteAddr: 127.0.0.1:63400, Name: IpConnection_2147482533, Driver: GameNetDriver IpNetDriver_2147482567, IsServer: YES, PC: PlayerController_2147482529, Owner: PlayerController_2147482529, UniqueId: NULL:DESKTOP-HGL2373-DA6D78A4430999ED1EDFAFA9A26C34BC, Channels: 11, Time: 2022.09.20-13.09.23
[2022.09.20-13.09.23:538][ 83]LogNet: UChannel::Close: Sending CloseBunch. ChIndex == 0. Name: [UChannel] ChIndex: 0, Closing: 0 [UNetConnection] RemoteAddr: 127.0.0.1:63400, Name: IpConnection_2147482533, Driver: GameNetDriver IpNetDriver_2147482567, IsServer: YES, PC: PlayerController_2147482529, Owner: PlayerController_2147482529, UniqueId: NULL:DESKTOP-HGL2373-DA6D78A4430999ED1EDFAFA9A26C34BC
[2022.09.20-13.09.23:540][ 83]LogOnlineSession: Warning: OSS: No game present to leave for session (GameSession)
[2022.09.20-13.09.24:560][114]LogNet: UChannel::ReceivedSequencedBunch: Bunch.bClose == true. ChIndex == 0. Calling ConditionalCleanUp.
[2022.09.20-13.09.24:560][114]LogNet: UChannel::CleanUp: ChIndex == 0. Closing connection. [UChannel] ChIndex: 0, Closing: 0 [UNetConnection] RemoteAddr: 127.0.0.1:49348, Name: IpConnection_2147482560, Driver: GameNetDriver IpNetDriver_2147482567, IsServer: YES, PC: PlayerController_2147482556, Owner: PlayerController_2147482556, UniqueId: NULL:DESKTOP-HGL2373-EFA45FBD4E0369CE4EAFF8834CDB1395
[2022.09.20-13.09.24:561][114]LogNet: UNetConnection::Close: [UNetConnection] RemoteAddr: 127.0.0.1:49348, Name: IpConnection_2147482560, Driver: GameNetDriver IpNetDriver_2147482567, IsServer: YES, PC: PlayerController_2147482556, Owner: PlayerController_2147482556, UniqueId: NULL:DESKTOP-HGL2373-EFA45FBD4E0369CE4EAFF8834CDB1395, Channels: 9, Time: 2022.09.20-13.09.24
[2022.09.20-13.09.24:562][114]LogNet: UChannel::Close: Sending CloseBunch. ChIndex == 0. Name: [UChannel] ChIndex: 0, Closing: 0 [UNetConnection] RemoteAddr: 127.0.0.1:49348, Name: IpConnection_2147482560, Driver: GameNetDriver IpNetDriver_2147482567, IsServer: YES, PC: PlayerController_2147482556, Owner: PlayerController_2147482556, UniqueId: NULL:DESKTOP-HGL2373-EFA45FBD4E0369CE4EAFF8834CDB1395
[2022.09.20-13.09.24:563][114]LogOnlineSession: Warning: OSS: No game present to leave for session (GameSession)
